<?xml version="1.0" encoding="UTF-8"?>
<!-- Generated by org.testng.reporters.JUnitReportReporter -->
<testsuite hostname="LAPTOP-9B5SK5LD" failures="0" tests="1" name="Endtoendscenerio.ChocolateCatogery" time="433.225" errors="0" timestamp="2022-08-24T22:57:45 IST" skipped="0">
  <testcase classname="Endtoendscenerio.ChocolateCatogery" name="chocolateCatogery" time="433.225"/>
  <system-out/>
</testsuite> <!-- Endtoendscenerio.ChocolateCatogery -->
