<?xml version="1.0" encoding="UTF-8"?>
<!-- Generated by org.testng.reporters.JUnitReportReporter -->
<testsuite hostname="LAPTOP-9B5SK5LD" failures="0" tests="1" name="Appmethod.Webapp" time="17.944" errors="0" timestamp="2022-08-23T11:05:58 IST" skipped="0">
  <testcase classname="Appmethod.Webapp" name="generalscroll" time="17.944"/>
  <system-out/>
</testsuite> <!-- Appmethod.Webapp -->
