<?xml version="1.0" encoding="UTF-8"?>
<!-- Generated by org.testng.reporters.JUnitReportReporter -->
<testsuite hostname="LAPTOP-9B5SK5LD" failures="0" tests="1" name="AppMethods" time="9.740" errors="0" timestamp="2022-08-18T21:48:28 IST" skipped="0">
  <testcase classname="AppMethods" name="appMethods" time="9.740"/>
  <system-out/>
</testsuite> <!-- AppMethods -->
