<?xml version="1.0" encoding="UTF-8"?>
<!-- Generated by org.testng.reporters.JUnitReportReporter -->
<testsuite hostname="LAPTOP-9B5SK5LD" failures="0" tests="1" name="Orientationtesting.Orientationtesting" time="9.228" errors="0" timestamp="2022-08-23T10:50:20 IST" skipped="0">
  <testcase classname="Orientationtesting.Orientationtesting" name="apiDemos" time="9.228"/>
  <system-out/>
</testsuite> <!-- Orientationtesting.Orientationtesting -->
