<?xml version="1.0" encoding="UTF-8"?>
<!-- Generated by org.testng.reporters.JUnitReportReporter -->
<testsuite hostname="LAPTOP-9B5SK5LD" failures="0" tests="1" name="Practicedrivermethods.Notifactionhandle" time="20.214" errors="0" timestamp="2022-09-08T00:24:17 IST" skipped="0">
  <testcase classname="Practicedrivermethods.Notifactionhandle" name="notifactionhandle" time="20.214"/>
  <system-out/>
</testsuite> <!-- Practicedrivermethods.Notifactionhandle -->
