<?xml version="1.0" encoding="UTF-8"?>
<!-- Generated by org.testng.reporters.JUnitReportReporter -->
<testsuite hostname="LAPTOP-9B5SK5LD" failures="0" tests="1" name="KeyActions" time="17.466" errors="0" timestamp="2022-08-20T00:23:43 IST" skipped="0">
  <testcase classname="KeyActions" name="generalstorenavigate" time="17.466"/>
  <system-out/>
</testsuite> <!-- KeyActions -->
