<?xml version="1.0" encoding="UTF-8"?>
<!-- Generated by org.testng.reporters.JUnitReportReporter -->
<testsuite hostname="LAPTOP-9B5SK5LD" failures="0" tests="1" name="Practicedrivermethods.Openwebappbrowser" time="16.307" errors="0" timestamp="2022-08-23T11:07:16 IST" skipped="0">
  <testcase classname="Practicedrivermethods.Openwebappbrowser" name="openwebappbrowser" time="16.307"/>
  <system-out/>
</testsuite> <!-- Practicedrivermethods.Openwebappbrowser -->
