<?xml version="1.0" encoding="UTF-8"?>
<!-- Generated by org.testng.reporters.JUnitReportReporter -->
<testsuite hostname="LAPTOP-9B5SK5LD" failures="0" tests="1" name="BackGroundtesting.Backgroundtesting" time="23.080" errors="0" timestamp="2022-08-23T10:57:44 IST" skipped="0">
  <testcase classname="BackGroundtesting.Backgroundtesting" name="apiDemos" time="23.080"/>
  <system-out/>
</testsuite> <!-- BackGroundtesting.Backgroundtesting -->
