<?xml version="1.0" encoding="UTF-8"?>
<!-- Generated by org.testng.reporters.JUnitReportReporter -->
<testsuite hostname="LAPTOP-9B5SK5LD" failures="0" tests="1" name="GeneralStore.Generalstorenavigate" time="19.895" errors="0" timestamp="2022-08-18T21:41:56 IST" skipped="0">
  <testcase classname="GeneralStore.Generalstorenavigate" name="generalstorenavigate" time="19.895"/>
  <system-out/>
</testsuite> <!-- GeneralStore.Generalstorenavigate -->
