<?xml version="1.0" encoding="UTF-8"?>
<!-- Generated by org.testng.reporters.JUnitReportReporter -->
<testsuite hostname="LAPTOP-9B5SK5LD" failures="0" tests="1" name="Parallelexecution" time="10.271" errors="0" timestamp="2022-08-19T03:33:57 IST" skipped="0">
  <testcase classname="Parallelexecution" name="parallelexecution" time="10.271"/>
  <system-out/>
</testsuite> <!-- Parallelexecution -->
