<?xml version="1.0" encoding="UTF-8"?>
<!-- Generated by org.testng.reporters.JUnitReportReporter -->
<testsuite hostname="LAPTOP-9B5SK5LD" failures="0" tests="1" name="Endtoendscenerio.Bigbasketscenerio1" time="32.019" errors="0" timestamp="2022-08-24T22:20:57 IST" skipped="0">
  <testcase classname="Endtoendscenerio.Bigbasketscenerio1" name="bigbasketscenerio1" time="32.019"/>
  <system-out/>
</testsuite> <!-- Endtoendscenerio.Bigbasketscenerio1 -->
