<?xml version="1.0" encoding="UTF-8"?>
<!-- Generated by org.testng.reporters.JUnitReportReporter -->
<testsuite hostname="LAPTOP-9B5SK5LD" failures="0" tests="1" name="Noticationhandle" time="19.671" errors="0" timestamp="2022-08-23T10:58:58 IST" skipped="0">
  <testcase classname="Noticationhandle" name="noticationhandle" time="19.671"/>
  <system-out/>
</testsuite> <!-- Noticationhandle -->
