<?xml version="1.0" encoding="UTF-8"?>
<!-- Generated by org.testng.reporters.JUnitReportReporter -->
<testsuite hostname="LAPTOP-9B5SK5LD" failures="0" tests="1" name="ZoomandPinch" time="16.391" errors="0" timestamp="2022-08-23T11:01:19 IST" skipped="0">
  <testcase classname="ZoomandPinch" name="generalstorenavigate" time="16.391"/>
  <system-out/>
</testsuite> <!-- ZoomandPinch -->
