<?xml version="1.0" encoding="UTF-8"?>
<!-- Generated by org.testng.reporters.JUnitReportReporter -->
<testsuite hostname="LAPTOP-9B5SK5LD" failures="0" tests="1" name="Practicedrivermethods.ZoomandPinch" time="16.318" errors="0" timestamp="2022-08-23T11:02:24 IST" skipped="0">
  <testcase classname="Practicedrivermethods.ZoomandPinch" name="zoomandPinch" time="16.318"/>
  <system-out/>
</testsuite> <!-- Practicedrivermethods.ZoomandPinch -->
