<?xml version="1.0" encoding="UTF-8"?>
<!-- Generated by org.testng.reporters.JUnitReportReporter -->
<testsuite hostname="LAPTOP-9B5SK5LD" failures="0" tests="1" name="Draganddrop.Dragandrop" time="13.619" errors="0" timestamp="2022-08-21T10:57:05 IST" skipped="0">
  <testcase classname="Draganddrop.Dragandrop" name="apiDemos" time="13.619"/>
  <system-out/>
</testsuite> <!-- Draganddrop.Dragandrop -->
