<?xml version="1.0" encoding="UTF-8"?>
<!-- Generated by org.testng.reporters.JUnitReportReporter -->
<testsuite hostname="LAPTOP-9B5SK5LD" failures="0" tests="1" name="Uninstallapp" time="12.415" errors="0" timestamp="2022-08-17T04:57:51 IST" skipped="0">
  <testcase classname="Uninstallapp" name="uninstallapp" time="12.415"/>
  <system-out/>
</testsuite> <!-- Uninstallapp -->
